Analysis & Synthesis report for vga_rom
Tue May 17 22:50:49 2016
Quartus II 64-Bit Version 13.0.1 Build 232 06/12/2013 Service Pack 1 SJ Full Version


---------------------
; Table of Contents ;
---------------------
  1. Legal Notice
  2. Analysis & Synthesis Summary
  3. Analysis & Synthesis Settings
  4. Parallel Compilation
  5. Analysis & Synthesis Source Files Read
  6. Analysis & Synthesis Resource Usage Summary
  7. Analysis & Synthesis Resource Utilization by Entity
  8. Analysis & Synthesis RAM Summary
  9. Analysis & Synthesis IP Cores Summary
 10. State Machine - |vga_rom|ps2_mouse:u3|m2_state
 11. State Machine - |vga_rom|ps2_mouse:u3|m1_state
 12. Registers Removed During Synthesis
 13. Removed Registers Triggering Further Register Optimizations
 14. General Register Statistics
 15. Inverted Register Statistics
 16. Multiplexer Restructuring Statistics (Restructuring Performed)
 17. Source assignments for digital_rom:u2|altsyncram:altsyncram_component|altsyncram_uo71:auto_generated
 18. Parameter Settings for User Entity Instance: digital_rom:u2|altsyncram:altsyncram_component
 19. altsyncram Parameter Settings by Entity Instance
 20. Port Connectivity Checks: "vga640480:u1"
 21. Elapsed Time Per Partition
 22. Analysis & Synthesis Messages



----------------
; Legal Notice ;
----------------
Copyright (C) 1991-2013 Altera Corporation
Your use of Altera Corporation's design tools, logic functions 
and other software and tools, and its AMPP partner logic 
functions, and any output files from any of the foregoing 
(including device programming or simulation files), and any 
associated documentation or information are expressly subject 
to the terms and conditions of the Altera Program License 
Subscription Agreement, Altera MegaCore Function License 
Agreement, or other applicable license agreement, including, 
without limitation, that your use is for the sole purpose of 
programming logic devices manufactured by Altera and sold by 
Altera or its authorized distributors.  Please refer to the 
applicable agreement for further details.



+---------------------------------------------------------------------------------------+
; Analysis & Synthesis Summary                                                          ;
+------------------------------------+--------------------------------------------------+
; Analysis & Synthesis Status        ; Successful - Tue May 17 22:50:49 2016            ;
; Quartus II 64-Bit Version          ; 13.0.1 Build 232 06/12/2013 SP 1 SJ Full Version ;
; Revision Name                      ; vga_rom                                          ;
; Top-level Entity Name              ; vga_rom                                          ;
; Family                             ; Cyclone II                                       ;
; Total logic elements               ; 194                                              ;
;     Total combinational functions  ; 147                                              ;
;     Dedicated logic registers      ; 149                                              ;
; Total registers                    ; 149                                              ;
; Total pins                         ; 37                                               ;
; Total virtual pins                 ; 0                                                ;
; Total memory bits                  ; 1,024                                            ;
; Embedded Multiplier 9-bit elements ; 0                                                ;
; Total PLLs                         ; 0                                                ;
+------------------------------------+--------------------------------------------------+


+----------------------------------------------------------------------------------------------------------------------+
; Analysis & Synthesis Settings                                                                                        ;
+----------------------------------------------------------------------------+--------------------+--------------------+
; Option                                                                     ; Setting            ; Default Value      ;
+----------------------------------------------------------------------------+--------------------+--------------------+
; Device                                                                     ; EP2C20Q240C8       ;                    ;
; Top-level entity name                                                      ; vga_rom            ; vga_rom            ;
; Family name                                                                ; Cyclone II         ; Stratix II         ;
; Use smart compilation                                                      ; Off                ; Off                ;
; Enable parallel Assembler and TimeQuest Timing Analyzer during compilation ; On                 ; On                 ;
; Enable compact report table                                                ; Off                ; Off                ;
; Restructure Multiplexers                                                   ; Auto               ; Auto               ;
; Create Debugging Nodes for IP Cores                                        ; Off                ; Off                ;
; Preserve fewer node names                                                  ; On                 ; On                 ;
; Disable OpenCore Plus hardware evaluation                                  ; Off                ; Off                ;
; Verilog Version                                                            ; Verilog_2001       ; Verilog_2001       ;
; VHDL Version                                                               ; VHDL_1993          ; VHDL_1993          ;
; State Machine Processing                                                   ; Auto               ; Auto               ;
; Safe State Machine                                                         ; Off                ; Off                ;
; Extract Verilog State Machines                                             ; On                 ; On                 ;
; Extract VHDL State Machines                                                ; On                 ; On                 ;
; Ignore Verilog initial constructs                                          ; Off                ; Off                ;
; Iteration limit for constant Verilog loops                                 ; 5000               ; 5000               ;
; Iteration limit for non-constant Verilog loops                             ; 250                ; 250                ;
; Add Pass-Through Logic to Inferred RAMs                                    ; On                 ; On                 ;
; Infer RAMs from Raw Logic                                                  ; On                 ; On                 ;
; Parallel Synthesis                                                         ; Off                ; Off                ;
; DSP Block Balancing                                                        ; Auto               ; Auto               ;
; NOT Gate Push-Back                                                         ; On                 ; On                 ;
; Power-Up Don't Care                                                        ; On                 ; On                 ;
; Remove Redundant Logic Cells                                               ; Off                ; Off                ;
; Remove Duplicate Registers                                                 ; On                 ; On                 ;
; Ignore CARRY Buffers                                                       ; Off                ; Off                ;
; Ignore CASCADE Buffers                                                     ; Off                ; Off                ;
; Ignore GLOBAL Buffers                                                      ; Off                ; Off                ;
; Ignore ROW GLOBAL Buffers                                                  ; Off                ; Off                ;
; Ignore LCELL Buffers                                                       ; Off                ; Off                ;
; Ignore SOFT Buffers                                                        ; On                 ; On                 ;
; Limit AHDL Integers to 32 Bits                                             ; Off                ; Off                ;
; Optimization Technique                                                     ; Balanced           ; Balanced           ;
; Carry Chain Length                                                         ; 70                 ; 70                 ;
; Auto Carry Chains                                                          ; On                 ; On                 ;
; Auto Open-Drain Pins                                                       ; On                 ; On                 ;
; Perform WYSIWYG Primitive Resynthesis                                      ; Off                ; Off                ;
; Auto ROM Replacement                                                       ; On                 ; On                 ;
; Auto RAM Replacement                                                       ; On                 ; On                 ;
; Auto Shift Register Replacement                                            ; Auto               ; Auto               ;
; Allow Shift Register Merging across Hierarchies                            ; Auto               ; Auto               ;
; Auto Clock Enable Replacement                                              ; On                 ; On                 ;
; Strict RAM Replacement                                                     ; Off                ; Off                ;
; Allow Synchronous Control Signals                                          ; On                 ; On                 ;
; Force Use of Synchronous Clear Signals                                     ; Off                ; Off                ;
; Auto RAM to Logic Cell Conversion                                          ; Off                ; Off                ;
; Auto Resource Sharing                                                      ; Off                ; Off                ;
; Allow Any RAM Size For Recognition                                         ; Off                ; Off                ;
; Allow Any ROM Size For Recognition                                         ; Off                ; Off                ;
; Allow Any Shift Register Size For Recognition                              ; Off                ; Off                ;
; Use LogicLock Constraints during Resource Balancing                        ; On                 ; On                 ;
; Ignore translate_off and synthesis_off directives                          ; Off                ; Off                ;
; Timing-Driven Synthesis                                                    ; Off                ; Off                ;
; Report Parameter Settings                                                  ; On                 ; On                 ;
; Report Source Assignments                                                  ; On                 ; On                 ;
; Report Connectivity Checks                                                 ; On                 ; On                 ;
; Ignore Maximum Fan-Out Assignments                                         ; Off                ; Off                ;
; Synchronization Register Chain Length                                      ; 2                  ; 2                  ;
; PowerPlay Power Optimization                                               ; Normal compilation ; Normal compilation ;
; HDL message level                                                          ; Level2             ; Level2             ;
; Suppress Register Optimization Related Messages                            ; Off                ; Off                ;
; Number of Removed Registers Reported in Synthesis Report                   ; 100                ; 100                ;
; Number of Swept Nodes Reported in Synthesis Report                         ; 5000               ; 5000               ;
; Number of Inverted Registers Reported in Synthesis Report                  ; 100                ; 100                ;
; Clock MUX Protection                                                       ; On                 ; On                 ;
; Auto Gated Clock Conversion                                                ; Off                ; Off                ;
; Block Design Naming                                                        ; Auto               ; Auto               ;
; SDC constraint protection                                                  ; Off                ; Off                ;
; Synthesis Effort                                                           ; Auto               ; Auto               ;
; Shift Register Replacement - Allow Asynchronous Clear Signal               ; On                 ; On                 ;
; Pre-Mapping Resynthesis Optimization                                       ; Off                ; Off                ;
; Analysis & Synthesis Message Level                                         ; Medium             ; Medium             ;
; Disable Register Merging Across Hierarchies                                ; Auto               ; Auto               ;
; Resource Aware Inference For Block RAM                                     ; On                 ; On                 ;
; Synthesis Seed                                                             ; 1                  ; 1                  ;
+----------------------------------------------------------------------------+--------------------+--------------------+


+------------------------------------------+
; Parallel Compilation                     ;
+----------------------------+-------------+
; Processors                 ; Number      ;
+----------------------------+-------------+
; Number detected on machine ; 4           ;
; Maximum allowed            ; 2           ;
;                            ;             ;
; Average used               ; 1.00        ;
; Maximum used               ; 1           ;
;                            ;             ;
; Usage by Processor         ; % Time Used ;
;     Processor 1            ; 100.0%      ;
;     Processors 2-4         ;   0.0%      ;
+----------------------------+-------------+


+------------------------------------------------------------------------------------------------------------------------------------------------------------------------------------+
; Analysis & Synthesis Source Files Read                                                                                                                                             ;
+----------------------------------+-----------------+----------------------------------------+----------------------------------------------------------------------------+---------+
; File Name with User-Entered Path ; Used in Netlist ; File Type                              ; File Name with Absolute Path                                               ; Library ;
+----------------------------------+-----------------+----------------------------------------+----------------------------------------------------------------------------+---------+
; ps2_mouse.vhd                    ; yes             ; User VHDL File                         ; D:/shushe/VGA_rom_55303581/VGA_rom_27704167/VGA_rom/ps2_mouse.vhd          ;         ;
; digital_rom.vhd                  ; yes             ; User Wizard-Generated File             ; D:/shushe/VGA_rom_55303581/VGA_rom_27704167/VGA_rom/digital_rom.vhd        ;         ;
; VGA_640480.vhd                   ; yes             ; User VHDL File                         ; D:/shushe/VGA_rom_55303581/VGA_rom_27704167/VGA_rom/VGA_640480.vhd         ;         ;
; vga_rom.vhd                      ; yes             ; User VHDL File                         ; D:/shushe/VGA_rom_55303581/VGA_rom_27704167/VGA_rom/vga_rom.vhd            ;         ;
; altsyncram.tdf                   ; yes             ; Megafunction                           ; d:/altera/13.0sp1/quartus/libraries/megafunctions/altsyncram.tdf           ;         ;
; stratix_ram_block.inc            ; yes             ; Megafunction                           ; d:/altera/13.0sp1/quartus/libraries/megafunctions/stratix_ram_block.inc    ;         ;
; lpm_mux.inc                      ; yes             ; Megafunction                           ; d:/altera/13.0sp1/quartus/libraries/megafunctions/lpm_mux.inc              ;         ;
; lpm_decode.inc                   ; yes             ; Megafunction                           ; d:/altera/13.0sp1/quartus/libraries/megafunctions/lpm_decode.inc           ;         ;
; aglobal130.inc                   ; yes             ; Megafunction                           ; d:/altera/13.0sp1/quartus/libraries/megafunctions/aglobal130.inc           ;         ;
; a_rdenreg.inc                    ; yes             ; Megafunction                           ; d:/altera/13.0sp1/quartus/libraries/megafunctions/a_rdenreg.inc            ;         ;
; altrom.inc                       ; yes             ; Megafunction                           ; d:/altera/13.0sp1/quartus/libraries/megafunctions/altrom.inc               ;         ;
; altram.inc                       ; yes             ; Megafunction                           ; d:/altera/13.0sp1/quartus/libraries/megafunctions/altram.inc               ;         ;
; altdpram.inc                     ; yes             ; Megafunction                           ; d:/altera/13.0sp1/quartus/libraries/megafunctions/altdpram.inc             ;         ;
; db/altsyncram_uo71.tdf           ; yes             ; Auto-Generated Megafunction            ; D:/shushe/VGA_rom_55303581/VGA_rom_27704167/VGA_rom/db/altsyncram_uo71.tdf ;         ;
; test.mif                         ; yes             ; Auto-Found Memory Initialization File  ; D:/shushe/VGA_rom_55303581/VGA_rom_27704167/VGA_rom/test.mif               ;         ;
; db/decode_4oa.tdf                ; yes             ; Auto-Generated Megafunction            ; D:/shushe/VGA_rom_55303581/VGA_rom_27704167/VGA_rom/db/decode_4oa.tdf      ;         ;
; db/mux_hib.tdf                   ; yes             ; Auto-Generated Megafunction            ; D:/shushe/VGA_rom_55303581/VGA_rom_27704167/VGA_rom/db/mux_hib.tdf         ;         ;
+----------------------------------+-----------------+----------------------------------------+----------------------------------------------------------------------------+---------+


+-----------------------------------------------------+
; Analysis & Synthesis Resource Usage Summary         ;
+---------------------------------------------+-------+
; Resource                                    ; Usage ;
+---------------------------------------------+-------+
; Estimated Total logic elements              ; 194   ;
;                                             ;       ;
; Total combinational functions               ; 147   ;
; Logic element usage by number of LUT inputs ;       ;
;     -- 4 input functions                    ; 48    ;
;     -- 3 input functions                    ; 38    ;
;     -- <=2 input functions                  ; 61    ;
;                                             ;       ;
; Logic elements by mode                      ;       ;
;     -- normal mode                          ; 81    ;
;     -- arithmetic mode                      ; 66    ;
;                                             ;       ;
; Total registers                             ; 149   ;
;     -- Dedicated logic registers            ; 149   ;
;     -- I/O registers                        ; 0     ;
;                                             ;       ;
; I/O pins                                    ; 37    ;
; Total memory bits                           ; 1024  ;
; Embedded Multiplier 9-bit elements          ; 0     ;
; Maximum fan-out node                        ; reset ;
; Maximum fan-out                             ; 129   ;
; Total fan-out                               ; 1010  ;
; Average fan-out                             ; 3.02  ;
+---------------------------------------------+-------+


+---------------------------------------------------------------------------------------------------------------------------------------------------------------------------------------------------------------------------------------------------------------+
; Analysis & Synthesis Resource Utilization by Entity                                                                                                                                                                                                           ;
+-------------------------------------------+-------------------+--------------+-------------+--------------+---------+-----------+------+--------------+----------------------------------------------------------------------------------------+--------------+
; Compilation Hierarchy Node                ; LC Combinationals ; LC Registers ; Memory Bits ; DSP Elements ; DSP 9x9 ; DSP 18x18 ; Pins ; Virtual Pins ; Full Hierarchy Name                                                                    ; Library Name ;
+-------------------------------------------+-------------------+--------------+-------------+--------------+---------+-----------+------+--------------+----------------------------------------------------------------------------------------+--------------+
; |vga_rom                                  ; 147 (0)           ; 149 (0)      ; 1024        ; 0            ; 0       ; 0         ; 37   ; 0            ; |vga_rom                                                                               ; work         ;
;    |digital_rom:u2|                       ; 0 (0)             ; 0 (0)        ; 1024        ; 0            ; 0       ; 0         ; 0    ; 0            ; |vga_rom|digital_rom:u2                                                                ; work         ;
;       |altsyncram:altsyncram_component|   ; 0 (0)             ; 0 (0)        ; 1024        ; 0            ; 0       ; 0         ; 0    ; 0            ; |vga_rom|digital_rom:u2|altsyncram:altsyncram_component                                ; work         ;
;          |altsyncram_uo71:auto_generated| ; 0 (0)             ; 0 (0)        ; 1024        ; 0            ; 0       ; 0         ; 0    ; 0            ; |vga_rom|digital_rom:u2|altsyncram:altsyncram_component|altsyncram_uo71:auto_generated ; work         ;
;    |ps2_mouse:u3|                         ; 105 (105)         ; 112 (112)    ; 0           ; 0            ; 0       ; 0         ; 0    ; 0            ; |vga_rom|ps2_mouse:u3                                                                  ; work         ;
;    |vga640480:u1|                         ; 42 (42)           ; 37 (37)      ; 0           ; 0            ; 0       ; 0         ; 0    ; 0            ; |vga_rom|vga640480:u1                                                                  ; work         ;
+-------------------------------------------+-------------------+--------------+-------------+--------------+---------+-----------+------+--------------+----------------------------------------------------------------------------------------+--------------+
Note: For table entries with two numbers listed, the numbers in parentheses indicate the number of resources of the given type used by the specific entity alone. The numbers listed outside of parentheses indicate the total resources of the given type used by the specific entity and all of its sub-entities in the hierarchy.


+---------------------------------------------------------------------------------------------------------------------------------------------------------------------------------------+
; Analysis & Synthesis RAM Summary                                                                                                                                                      ;
+------------------------------------------------------------------------------------------+------+------+--------------+--------------+--------------+--------------+-------+----------+
; Name                                                                                     ; Type ; Mode ; Port A Depth ; Port A Width ; Port B Depth ; Port B Width ; Size  ; MIF      ;
+------------------------------------------------------------------------------------------+------+------+--------------+--------------+--------------+--------------+-------+----------+
; digital_rom:u2|altsyncram:altsyncram_component|altsyncram_uo71:auto_generated|ALTSYNCRAM ; AUTO ; ROM  ; 16384        ; 5            ; --           ; --           ; 81920 ; test.mif ;
+------------------------------------------------------------------------------------------+------+------+--------------+--------------+--------------+--------------+-------+----------+


+---------------------------------------------------------------------------------------------------------------------------------------------------------------+
; Analysis & Synthesis IP Cores Summary                                                                                                                         ;
+--------+--------------+---------+--------------+--------------+-------------------------+---------------------------------------------------------------------+
; Vendor ; IP Core Name ; Version ; Release Date ; License Type ; Entity Instance         ; IP Include File                                                     ;
+--------+--------------+---------+--------------+--------------+-------------------------+---------------------------------------------------------------------+
; Altera ; ROM: 1-PORT  ; N/A     ; N/A          ; N/A          ; |vga_rom|digital_rom:u2 ; D:/shushe/VGA_rom_55303581/VGA_rom_27704167/VGA_rom/digital_rom.vhd ;
+--------+--------------+---------+--------------+--------------+-------------------------+---------------------------------------------------------------------+


Encoding Type:  One-Hot
+----------------------------------------------------------------------------------------------------------------------------------------------------------------------------------------------------------------------------------------------------------------------------------------------------------------------------------------------------+
; State Machine - |vga_rom|ps2_mouse:u3|m2_state                                                                                                                                                                                                                                                                                                     ;
+----------------------------+----------------------------+--------------------------+-------------------------+------------------------+-------------------------+------------------------+-------------------------+------------------------+------------------------+-----------------+--------------------+------------------+-------------------+
; Name                       ; m2_state.m2_await_response ; m2_state.m2_error_no_ack ; m2_state.m2_data_high_3 ; m2_state.m2_data_low_3 ; m2_state.m2_data_high_2 ; m2_state.m2_data_low_2 ; m2_state.m2_data_high_1 ; m2_state.m2_data_low_1 ; m2_state.m2_hold_clk_l ; m2_state.m2_use ; m2_state.m2_gather ; m2_state.m2_wait ; m2_state.m2_reset ;
+----------------------------+----------------------------+--------------------------+-------------------------+------------------------+-------------------------+------------------------+-------------------------+------------------------+------------------------+-----------------+--------------------+------------------+-------------------+
; m2_state.m2_reset          ; 0                          ; 0                        ; 0                       ; 0                      ; 0                       ; 0                      ; 0                       ; 0                      ; 0                      ; 0               ; 0                  ; 0                ; 0                 ;
; m2_state.m2_wait           ; 0                          ; 0                        ; 0                       ; 0                      ; 0                       ; 0                      ; 0                       ; 0                      ; 0                      ; 0               ; 0                  ; 1                ; 1                 ;
; m2_state.m2_gather         ; 0                          ; 0                        ; 0                       ; 0                      ; 0                       ; 0                      ; 0                       ; 0                      ; 0                      ; 0               ; 1                  ; 0                ; 1                 ;
; m2_state.m2_use            ; 0                          ; 0                        ; 0                       ; 0                      ; 0                       ; 0                      ; 0                       ; 0                      ; 0                      ; 1               ; 0                  ; 0                ; 1                 ;
; m2_state.m2_hold_clk_l     ; 0                          ; 0                        ; 0                       ; 0                      ; 0                       ; 0                      ; 0                       ; 0                      ; 1                      ; 0               ; 0                  ; 0                ; 1                 ;
; m2_state.m2_data_low_1     ; 0                          ; 0                        ; 0                       ; 0                      ; 0                       ; 0                      ; 0                       ; 1                      ; 0                      ; 0               ; 0                  ; 0                ; 1                 ;
; m2_state.m2_data_high_1    ; 0                          ; 0                        ; 0                       ; 0                      ; 0                       ; 0                      ; 1                       ; 0                      ; 0                      ; 0               ; 0                  ; 0                ; 1                 ;
; m2_state.m2_data_low_2     ; 0                          ; 0                        ; 0                       ; 0                      ; 0                       ; 1                      ; 0                       ; 0                      ; 0                      ; 0               ; 0                  ; 0                ; 1                 ;
; m2_state.m2_data_high_2    ; 0                          ; 0                        ; 0                       ; 0                      ; 1                       ; 0                      ; 0                       ; 0                      ; 0                      ; 0               ; 0                  ; 0                ; 1                 ;
; m2_state.m2_data_low_3     ; 0                          ; 0                        ; 0                       ; 1                      ; 0                       ; 0                      ; 0                       ; 0                      ; 0                      ; 0               ; 0                  ; 0                ; 1                 ;
; m2_state.m2_data_high_3    ; 0                          ; 0                        ; 1                       ; 0                      ; 0                       ; 0                      ; 0                       ; 0                      ; 0                      ; 0               ; 0                  ; 0                ; 1                 ;
; m2_state.m2_error_no_ack   ; 0                          ; 1                        ; 0                       ; 0                      ; 0                       ; 0                      ; 0                       ; 0                      ; 0                      ; 0               ; 0                  ; 0                ; 1                 ;
; m2_state.m2_await_response ; 1                          ; 0                        ; 0                       ; 0                      ; 0                       ; 0                      ; 0                       ; 0                      ; 0                      ; 0               ; 0                  ; 0                ; 1                 ;
+----------------------------+----------------------------+--------------------------+-------------------------+------------------------+-------------------------+------------------------+-------------------------+------------------------+------------------------+-----------------+--------------------+------------------+-------------------+


Encoding Type:  One-Hot
+----------------------------------------------------------------------------------------------------------------------------------------------------------------------------+
; State Machine - |vga_rom|ps2_mouse:u3|m1_state                                                                                                                             ;
+--------------------------+-------------------------+-------------------------+-------------------+--------------------------+--------------------------+-------------------+
; Name                     ; m1_state.m1_rising_wait ; m1_state.m1_rising_edge ; m1_state.m1_clk_l ; m1_state.m1_falling_wait ; m1_state.m1_falling_edge ; m1_state.m1_clk_h ;
+--------------------------+-------------------------+-------------------------+-------------------+--------------------------+--------------------------+-------------------+
; m1_state.m1_clk_h        ; 0                       ; 0                       ; 0                 ; 0                        ; 0                        ; 0                 ;
; m1_state.m1_falling_edge ; 0                       ; 0                       ; 0                 ; 0                        ; 1                        ; 1                 ;
; m1_state.m1_falling_wait ; 0                       ; 0                       ; 0                 ; 1                        ; 0                        ; 1                 ;
; m1_state.m1_clk_l        ; 0                       ; 0                       ; 1                 ; 0                        ; 0                        ; 1                 ;
; m1_state.m1_rising_edge  ; 0                       ; 1                       ; 0                 ; 0                        ; 0                        ; 1                 ;
; m1_state.m1_rising_wait  ; 1                       ; 0                       ; 0                 ; 0                        ; 0                        ; 1                 ;
+--------------------------+-------------------------+-------------------------+-------------------+--------------------------+--------------------------+-------------------+


+-------------------------------------------------------------------------------------------------------------------------------------------+
; Registers Removed During Synthesis                                                                                                        ;
+--------------------------------------------------------------------------------------------------+----------------------------------------+
; Register name                                                                                    ; Reason for Removal                     ;
+--------------------------------------------------------------------------------------------------+----------------------------------------+
; vga640480:u1|address[11..13]                                                                     ; Stuck at GND due to stuck port data_in ;
; vga640480:u1|address[10]                                                                         ; Stuck at VCC due to stuck port data_in ;
; digital_rom:u2|altsyncram:altsyncram_component|altsyncram_uo71:auto_generated|address_reg_a[0,1] ; Stuck at GND due to stuck port data_in ;
; vga640480:u1|r1[0,1]                                                                             ; Merged with vga640480:u1|r1[2]         ;
; vga640480:u1|g1[0..2]                                                                            ; Merged with vga640480:u1|r1[2]         ;
; vga640480:u1|b1[0,1]                                                                             ; Merged with vga640480:u1|b1[2]         ;
; ps2_mouse:u3|debounce_timer_count[1]                                                             ; Stuck at GND due to stuck port data_in ;
; Total Number of Removed Registers = 14                                                           ;                                        ;
+--------------------------------------------------------------------------------------------------+----------------------------------------+


+-------------------------------------------------------------------------------------------------------------------------------------------------------+
; Removed Registers Triggering Further Register Optimizations                                                                                           ;
+--------------------------+---------------------------+------------------------------------------------------------------------------------------------+
; Register name            ; Reason for Removal        ; Registers Removed due to This Register                                                         ;
+--------------------------+---------------------------+------------------------------------------------------------------------------------------------+
; vga640480:u1|address[13] ; Stuck at GND              ; digital_rom:u2|altsyncram:altsyncram_component|altsyncram_uo71:auto_generated|address_reg_a[1] ;
;                          ; due to stuck port data_in ;                                                                                                ;
; vga640480:u1|address[12] ; Stuck at GND              ; digital_rom:u2|altsyncram:altsyncram_component|altsyncram_uo71:auto_generated|address_reg_a[0] ;
;                          ; due to stuck port data_in ;                                                                                                ;
+--------------------------+---------------------------+------------------------------------------------------------------------------------------------+


+------------------------------------------------------+
; General Register Statistics                          ;
+----------------------------------------------+-------+
; Statistic                                    ; Value ;
+----------------------------------------------+-------+
; Total registers                              ; 149   ;
; Number of registers using Synchronous Clear  ; 27    ;
; Number of registers using Synchronous Load   ; 0     ;
; Number of registers using Asynchronous Clear ; 137   ;
; Number of registers using Asynchronous Load  ; 0     ;
; Number of registers using Clock Enable       ; 85    ;
; Number of registers using Preset             ; 0     ;
+----------------------------------------------+-------+


+--------------------------------------------------+
; Inverted Register Statistics                     ;
+----------------------------------------+---------+
; Inverted Register                      ; Fan out ;
+----------------------------------------+---------+
; ps2_mouse:u3|mousex[4]                 ; 3       ;
; ps2_mouse:u3|mousex[7]                 ; 3       ;
; ps2_mouse:u3|mousex[8]                 ; 4       ;
; ps2_mouse:u3|mousey[2]                 ; 3       ;
; ps2_mouse:u3|mousey[3]                 ; 4       ;
; ps2_mouse:u3|mousey[5]                 ; 3       ;
; ps2_mouse:u3|mousey[8]                 ; 4       ;
; vga640480:u1|hs1                       ; 3       ;
; vga640480:u1|vs1                       ; 3       ;
; Total number of inverted registers = 9 ;         ;
+----------------------------------------+---------+


+-------------------------------------------------------------------------------------------------------------------------------------------------+
; Multiplexer Restructuring Statistics (Restructuring Performed)                                                                                  ;
+--------------------+-----------+---------------+----------------------+------------------------+------------+-----------------------------------+
; Multiplexer Inputs ; Bus Width ; Baseline Area ; Area if Restructured ; Saving if Restructured ; Registered ; Example Multiplexer Output        ;
+--------------------+-----------+---------------+----------------------+------------------------+------------+-----------------------------------+
; 3:1                ; 6 bits    ; 12 LEs        ; 6 LEs                ; 6 LEs                  ; Yes        ; |vga_rom|ps2_mouse:u3|bitcount[2] ;
+--------------------+-----------+---------------+----------------------+------------------------+------------+-----------------------------------+


+------------------------------------------------------------------------------------------------------+
; Source assignments for digital_rom:u2|altsyncram:altsyncram_component|altsyncram_uo71:auto_generated ;
+---------------------------------+--------------------+------+----------------------------------------+
; Assignment                      ; Value              ; From ; To                                     ;
+---------------------------------+--------------------+------+----------------------------------------+
; OPTIMIZE_POWER_DURING_SYNTHESIS ; NORMAL_COMPILATION ; -    ; -                                      ;
+---------------------------------+--------------------+------+----------------------------------------+


+---------------------------------------------------------------------------------------------+
; Parameter Settings for User Entity Instance: digital_rom:u2|altsyncram:altsyncram_component ;
+------------------------------------+----------------------+---------------------------------+
; Parameter Name                     ; Value                ; Type                            ;
+------------------------------------+----------------------+---------------------------------+
; BYTE_SIZE_BLOCK                    ; 8                    ; Untyped                         ;
; AUTO_CARRY_CHAINS                  ; ON                   ; AUTO_CARRY                      ;
; IGNORE_CARRY_BUFFERS               ; OFF                  ; IGNORE_CARRY                    ;
; AUTO_CASCADE_CHAINS                ; ON                   ; AUTO_CASCADE                    ;
; IGNORE_CASCADE_BUFFERS             ; OFF                  ; IGNORE_CASCADE                  ;
; WIDTH_BYTEENA                      ; 1                    ; Untyped                         ;
; OPERATION_MODE                     ; ROM                  ; Untyped                         ;
; WIDTH_A                            ; 5                    ; Signed Integer                  ;
; WIDTHAD_A                          ; 14                   ; Signed Integer                  ;
; NUMWORDS_A                         ; 16384                ; Signed Integer                  ;
; OUTDATA_REG_A                      ; UNREGISTERED         ; Untyped                         ;
; ADDRESS_ACLR_A                     ; NONE                 ; Untyped                         ;
; OUTDATA_ACLR_A                     ; NONE                 ; Untyped                         ;
; WRCONTROL_ACLR_A                   ; NONE                 ; Untyped                         ;
; INDATA_ACLR_A                      ; NONE                 ; Untyped                         ;
; BYTEENA_ACLR_A                     ; NONE                 ; Untyped                         ;
; WIDTH_B                            ; 1                    ; Untyped                         ;
; WIDTHAD_B                          ; 1                    ; Untyped                         ;
; NUMWORDS_B                         ; 1                    ; Untyped                         ;
; INDATA_REG_B                       ; CLOCK1               ; Untyped                         ;
; WRCONTROL_WRADDRESS_REG_B          ; CLOCK1               ; Untyped                         ;
; RDCONTROL_REG_B                    ; CLOCK1               ; Untyped                         ;
; ADDRESS_REG_B                      ; CLOCK1               ; Untyped                         ;
; OUTDATA_REG_B                      ; UNREGISTERED         ; Untyped                         ;
; BYTEENA_REG_B                      ; CLOCK1               ; Untyped                         ;
; INDATA_ACLR_B                      ; NONE                 ; Untyped                         ;
; WRCONTROL_ACLR_B                   ; NONE                 ; Untyped                         ;
; ADDRESS_ACLR_B                     ; NONE                 ; Untyped                         ;
; OUTDATA_ACLR_B                     ; NONE                 ; Untyped                         ;
; RDCONTROL_ACLR_B                   ; NONE                 ; Untyped                         ;
; BYTEENA_ACLR_B                     ; NONE                 ; Untyped                         ;
; WIDTH_BYTEENA_A                    ; 1                    ; Signed Integer                  ;
; WIDTH_BYTEENA_B                    ; 1                    ; Untyped                         ;
; RAM_BLOCK_TYPE                     ; AUTO                 ; Untyped                         ;
; BYTE_SIZE                          ; 8                    ; Untyped                         ;
; READ_DURING_WRITE_MODE_MIXED_PORTS ; DONT_CARE            ; Untyped                         ;
; READ_DURING_WRITE_MODE_PORT_A      ; NEW_DATA_NO_NBE_READ ; Untyped                         ;
; READ_DURING_WRITE_MODE_PORT_B      ; NEW_DATA_NO_NBE_READ ; Untyped                         ;
; INIT_FILE                          ; test.mif             ; Untyped                         ;
; INIT_FILE_LAYOUT                   ; PORT_A               ; Untyped                         ;
; MAXIMUM_DEPTH                      ; 0                    ; Untyped                         ;
; CLOCK_ENABLE_INPUT_A               ; BYPASS               ; Untyped                         ;
; CLOCK_ENABLE_INPUT_B               ; NORMAL               ; Untyped                         ;
; CLOCK_ENABLE_OUTPUT_A              ; BYPASS               ; Untyped                         ;
; CLOCK_ENABLE_OUTPUT_B              ; NORMAL               ; Untyped                         ;
; CLOCK_ENABLE_CORE_A                ; USE_INPUT_CLKEN      ; Untyped                         ;
; CLOCK_ENABLE_CORE_B                ; USE_INPUT_CLKEN      ; Untyped                         ;
; ENABLE_ECC                         ; FALSE                ; Untyped                         ;
; ECC_PIPELINE_STAGE_ENABLED         ; FALSE                ; Untyped                         ;
; WIDTH_ECCSTATUS                    ; 3                    ; Untyped                         ;
; DEVICE_FAMILY                      ; Cyclone II           ; Untyped                         ;
; CBXI_PARAMETER                     ; altsyncram_uo71      ; Untyped                         ;
+------------------------------------+----------------------+---------------------------------+
Note: In order to hide this table in the UI and the text report file, please set the "Show Parameter Settings in Synthesis Report" option in "Analysis and Synthesis Settings -> More Settings" to "Off".


+--------------------------------------------------------------------------------------------+
; altsyncram Parameter Settings by Entity Instance                                           ;
+-------------------------------------------+------------------------------------------------+
; Name                                      ; Value                                          ;
+-------------------------------------------+------------------------------------------------+
; Number of entity instances                ; 1                                              ;
; Entity Instance                           ; digital_rom:u2|altsyncram:altsyncram_component ;
;     -- OPERATION_MODE                     ; ROM                                            ;
;     -- WIDTH_A                            ; 5                                              ;
;     -- NUMWORDS_A                         ; 16384                                          ;
;     -- OUTDATA_REG_A                      ; UNREGISTERED                                   ;
;     -- WIDTH_B                            ; 1                                              ;
;     -- NUMWORDS_B                         ; 1                                              ;
;     -- ADDRESS_REG_B                      ; CLOCK1                                         ;
;     -- OUTDATA_REG_B                      ; UNREGISTERED                                   ;
;     -- RAM_BLOCK_TYPE                     ; AUTO                                           ;
;     -- READ_DURING_WRITE_MODE_MIXED_PORTS ; DONT_CARE                                      ;
+-------------------------------------------+------------------------------------------------+


+--------------------------------------------------------------------------------+
; Port Connectivity Checks: "vga640480:u1"                                       ;
+------+-------+----------+------------------------------------------------------+
; Port ; Type  ; Severity ; Details                                              ;
+------+-------+----------+------------------------------------------------------+
; q    ; Input ; Info     ; Connecting a non-array bit to a single-element array ;
+------+-------+----------+------------------------------------------------------+


+-------------------------------+
; Elapsed Time Per Partition    ;
+----------------+--------------+
; Partition Name ; Elapsed Time ;
+----------------+--------------+
; Top            ; 00:00:00     ;
+----------------+--------------+


+-------------------------------+
; Analysis & Synthesis Messages ;
+-------------------------------+
Info: *******************************************************************
Info: Running Quartus II 64-Bit Analysis & Synthesis
    Info: Version 13.0.1 Build 232 06/12/2013 Service Pack 1 SJ Full Version
    Info: Processing started: Tue May 17 22:50:47 2016
Info: Command: quartus_map --read_settings_files=on --write_settings_files=off vga_rom -c vga_rom
Info (11104): Parallel Compilation has detected 4 hyper-threaded processors. However, the extra hyper-threaded processors will not be used by default. Parallel Compilation will use 2 of the 2 physical processors detected instead.
Info (12021): Found 2 design units, including 1 entities, in source file ps2_mouse.vhd
    Info (12022): Found design unit 1: ps2_mouse-behavioral
    Info (12023): Found entity 1: ps2_mouse
Info (12021): Found 2 design units, including 1 entities, in source file digital_rom.vhd
    Info (12022): Found design unit 1: digital_rom-SYN
    Info (12023): Found entity 1: digital_rom
Info (12021): Found 2 design units, including 1 entities, in source file vga_640480.vhd
    Info (12022): Found design unit 1: vga640480-behavior
    Info (12023): Found entity 1: vga640480
Info (12021): Found 2 design units, including 1 entities, in source file vga_rom.vhd
    Info (12022): Found design unit 1: vga_rom-vga_rom
    Info (12023): Found entity 1: vga_rom
Info (12127): Elaborating entity "vga_rom" for the top level hierarchy
Info (12128): Elaborating entity "vga640480" for hierarchy "vga640480:u1"
Info (12128): Elaborating entity "digital_rom" for hierarchy "digital_rom:u2"
Info (12128): Elaborating entity "altsyncram" for hierarchy "digital_rom:u2|altsyncram:altsyncram_component"
Info (12130): Elaborated megafunction instantiation "digital_rom:u2|altsyncram:altsyncram_component"
Info (12133): Instantiated megafunction "digital_rom:u2|altsyncram:altsyncram_component" with the following parameter:
    Info (12134): Parameter "clock_enable_input_a" = "BYPASS"
    Info (12134): Parameter "clock_enable_output_a" = "BYPASS"
    Info (12134): Parameter "init_file" = "test.mif"
    Info (12134): Parameter "intended_device_family" = "Cyclone II"
    Info (12134): Parameter "lpm_hint" = "ENABLE_RUNTIME_MOD=NO"
    Info (12134): Parameter "lpm_type" = "altsyncram"
    Info (12134): Parameter "numwords_a" = "16384"
    Info (12134): Parameter "operation_mode" = "ROM"
    Info (12134): Parameter "outdata_aclr_a" = "NONE"
    Info (12134): Parameter "outdata_reg_a" = "UNREGISTERED"
    Info (12134): Parameter "widthad_a" = "14"
    Info (12134): Parameter "width_a" = "5"
    Info (12134): Parameter "width_byteena_a" = "1"
Info (12021): Found 1 design units, including 1 entities, in source file db/altsyncram_uo71.tdf
    Info (12023): Found entity 1: altsyncram_uo71
Info (12128): Elaborating entity "altsyncram_uo71" for hierarchy "digital_rom:u2|altsyncram:altsyncram_component|altsyncram_uo71:auto_generated"
Info (12021): Found 1 design units, including 1 entities, in source file db/decode_4oa.tdf
    Info (12023): Found entity 1: decode_4oa
Info (12128): Elaborating entity "decode_4oa" for hierarchy "digital_rom:u2|altsyncram:altsyncram_component|altsyncram_uo71:auto_generated|decode_4oa:deep_decode"
Info (12021): Found 1 design units, including 1 entities, in source file db/mux_hib.tdf
    Info (12023): Found entity 1: mux_hib
Info (12128): Elaborating entity "mux_hib" for hierarchy "digital_rom:u2|altsyncram:altsyncram_component|altsyncram_uo71:auto_generated|mux_hib:mux2"
Info (12128): Elaborating entity "ps2_mouse" for hierarchy "ps2_mouse:u3"
Warning (10036): Verilog HDL or VHDL warning at ps2_mouse.vhd(66): object "clean_clk" assigned a value but never read
Warning (10492): VHDL Process Statement warning at ps2_mouse.vhd(82): signal "reset" is read inside the Process Statement but isn't in the Process Statement's sensitivity list
Warning (10492): VHDL Process Statement warning at ps2_mouse.vhd(259): signal "ps2_data" is read inside the Process Statement but isn't in the Process Statement's sensitivity list
Warning (10492): VHDL Process Statement warning at ps2_mouse.vhd(261): signal "ps2_data" is read inside the Process Statement but isn't in the Process Statement's sensitivity list
Warning (14284): Synthesized away the following node(s):
    Warning (14285): Synthesized away the following RAM node(s):
        Warning (14320): Synthesized away node "digital_rom:u2|altsyncram:altsyncram_component|altsyncram_uo71:auto_generated|ram_block1a1"
        Warning (14320): Synthesized away node "digital_rom:u2|altsyncram:altsyncram_component|altsyncram_uo71:auto_generated|ram_block1a2"
        Warning (14320): Synthesized away node "digital_rom:u2|altsyncram:altsyncram_component|altsyncram_uo71:auto_generated|ram_block1a3"
        Warning (14320): Synthesized away node "digital_rom:u2|altsyncram:altsyncram_component|altsyncram_uo71:auto_generated|ram_block1a4"
        Warning (14320): Synthesized away node "digital_rom:u2|altsyncram:altsyncram_component|altsyncram_uo71:auto_generated|ram_block1a6"
        Warning (14320): Synthesized away node "digital_rom:u2|altsyncram:altsyncram_component|altsyncram_uo71:auto_generated|ram_block1a7"
        Warning (14320): Synthesized away node "digital_rom:u2|altsyncram:altsyncram_component|altsyncram_uo71:auto_generated|ram_block1a8"
        Warning (14320): Synthesized away node "digital_rom:u2|altsyncram:altsyncram_component|altsyncram_uo71:auto_generated|ram_block1a9"
        Warning (14320): Synthesized away node "digital_rom:u2|altsyncram:altsyncram_component|altsyncram_uo71:auto_generated|ram_block1a11"
        Warning (14320): Synthesized away node "digital_rom:u2|altsyncram:altsyncram_component|altsyncram_uo71:auto_generated|ram_block1a12"
        Warning (14320): Synthesized away node "digital_rom:u2|altsyncram:altsyncram_component|altsyncram_uo71:auto_generated|ram_block1a13"
        Warning (14320): Synthesized away node "digital_rom:u2|altsyncram:altsyncram_component|altsyncram_uo71:auto_generated|ram_block1a14"
        Warning (14320): Synthesized away node "digital_rom:u2|altsyncram:altsyncram_component|altsyncram_uo71:auto_generated|ram_block1a16"
        Warning (14320): Synthesized away node "digital_rom:u2|altsyncram:altsyncram_component|altsyncram_uo71:auto_generated|ram_block1a17"
        Warning (14320): Synthesized away node "digital_rom:u2|altsyncram:altsyncram_component|altsyncram_uo71:auto_generated|ram_block1a18"
        Warning (14320): Synthesized away node "digital_rom:u2|altsyncram:altsyncram_component|altsyncram_uo71:auto_generated|ram_block1a19"
Warning (14284): Synthesized away the following node(s):
    Warning (14285): Synthesized away the following RAM node(s):
        Warning (14320): Synthesized away node "digital_rom:u2|altsyncram:altsyncram_component|altsyncram_uo71:auto_generated|ram_block1a5"
        Warning (14320): Synthesized away node "digital_rom:u2|altsyncram:altsyncram_component|altsyncram_uo71:auto_generated|ram_block1a10"
        Warning (14320): Synthesized away node "digital_rom:u2|altsyncram:altsyncram_component|altsyncram_uo71:auto_generated|ram_block1a15"
Info (13000): Registers with preset signals will power-up high
Info (13003): DEV_CLRn pin will set, and not reset, register with preset signal due to NOT Gate Push-Back
Info (17036): Removed 2 MSB VCC or GND address nodes from RAM block "digital_rom:u2|altsyncram:altsyncram_component|altsyncram_uo71:auto_generated|ALTSYNCRAM"
Info (16010): Generating hard_block partition "hard_block:auto_generated_inst"
    Info (16011): Adding 0 node(s), including 0 DDIO, 0 PLL, 0 transceiver and 0 LCELL
Info (21057): Implemented 232 device resources after synthesis - the final resource count might be different
    Info (21058): Implemented 2 input pins
    Info (21059): Implemented 33 output pins
    Info (21060): Implemented 2 bidirectional pins
    Info (21061): Implemented 194 logic cells
    Info (21064): Implemented 1 RAM segments
Info: Quartus II 64-Bit Analysis & Synthesis was successful. 0 errors, 27 warnings
    Info: Peak virtual memory: 549 megabytes
    Info: Processing ended: Tue May 17 22:50:49 2016
    Info: Elapsed time: 00:00:02
    Info: Total CPU time (on all processors): 00:00:02


